Using pre-set license
Built from '2020.3/china_unity/release' branch; Version is '2020.3.15f2c1 (b25d0e34ed8a) revision 11689230'; Using compiler version '192528614'; Build Type 'Release'
OS: 'Windows 10 Home China; OS build 19042.1110; Version 2009; 64bit' Language: 'zh' Physical Memory: 16291 MB
BatchMode: 1, IsHumanControllingUs: 0, StartBugReporterOnCrash: 0, Is64bit: 1, IsPro: 0

 COMMAND LINE ARGUMENTS:
D:\game_dev\Unity\Editor\2020.3.15f2c1\Editor\Unity.exe
-adb2
-batchMode
-noUpm
-name
AssetImportWorker0
-projectPath
D:/game_dev/Unity/Projects/iDtechFinalProj/iDtechFinal
-logFile
Logs/AssetImportWorker0.log
-srvPort
52953
Successfully changed project path to: D:/game_dev/Unity/Projects/iDtechFinalProj/iDtechFinal
D:/game_dev/Unity/Projects/iDtechFinalProj/iDtechFinal
Using Asset Import Pipeline V2.
Refreshing native plugins compatible for Editor in 52.62 ms, found 2 plugins.
Preloading 0 native plugins for Editor in 0.00 ms.
Initialize engine version: 2020.3.15f2c1 (b25d0e34ed8a)
[Subsystems] Discovering subsystems at path D:/game_dev/Unity/Editor/2020.3.15f2c1/Editor/Data/Resources/UnitySubsystems
[Subsystems] Discovering subsystems at path D:/game_dev/Unity/Projects/iDtechFinalProj/iDtechFinal/Assets
GfxDevice: creating device client; threaded=0
Direct3D:
    Version:  Direct3D 11.0 [level 11.1]
    Renderer: NVIDIA GeForce RTX 2060 (ID=0x1f15)
    Vendor:   
    VRAM:     5980 MB
    Driver:   30.0.14.7111
Initialize mono
Mono path[0] = 'D:/game_dev/Unity/Editor/2020.3.15f2c1/Editor/Data/Managed'
Mono path[1] = 'D:/game_dev/Unity/Editor/2020.3.15f2c1/Editor/Data/MonoBleedingEdge/lib/mono/unityjit'
Mono config path = 'D:/game_dev/Unity/Editor/2020.3.15f2c1/Editor/Data/MonoBleedingEdge/etc'
Using monoOptions --debugger-agent=transport=dt_socket,embedding=1,server=y,suspend=n,address=127.0.0.1:56896
Begin MonoManager ReloadAssembly
Registering precompiled unity dll's ...
Register platform support module: D:/game_dev/Unity/Editor/2020.3.15f2c1/Editor/Data/PlaybackEngines/WebGLSupport/UnityEditor.WebGL.Extensions.dll
Register platform support module: D:/game_dev/Unity/Editor/2020.3.15f2c1/Editor/Data/PlaybackEngines/MacStandaloneSupport/UnityEditor.OSXStandalone.Extensions.dll
Register platform support module: D:/game_dev/Unity/Editor/2020.3.15f2c1/Editor/Data/PlaybackEngines/WindowsStandaloneSupport/UnityEditor.WindowsStandalone.Extensions.dll
Registered in 0.002326 seconds.
Native extension for WindowsStandalone target not found
Native extension for OSXStandalone target not found
Native extension for WebGL target not found
Refreshing native plugins compatible for Editor in 47.24 ms, found 2 plugins.
Preloading 0 native plugins for Editor in 0.00 ms.
Mono: successfully reloaded assembly
- Completed reload, in  1.702 seconds
Domain Reload Profiling:
	ReloadAssembly (1703ms)
		BeginReloadAssembly (125ms)
			ExecutionOrderSort (0ms)
			DisableScriptedObjects (0ms)
			BackupInstance (0ms)
			ReleaseScriptingObjects (0ms)
			CreateAndSetChildDomain (1ms)
		EndReloadAssembly (725ms)
			LoadAssemblies (125ms)
			RebuildTransferFunctionScriptingTraits (0ms)
			SetupTypeCache (286ms)
			ReleaseScriptCaches (0ms)
			RebuildScriptCaches (60ms)
			SetupLoadedEditorAssemblies (259ms)
				LogAssemblyErrors (0ms)
				InitializePlatformSupportModulesInManaged (9ms)
				SetLoadedEditorAssemblies (0ms)
				RefreshPlugins (47ms)
				BeforeProcessingInitializeOnLoad (22ms)
				ProcessInitializeOnLoadAttributes (133ms)
				ProcessInitializeOnLoadMethodAttributes (47ms)
				AfterProcessingInitializeOnLoad (0ms)
				EditorAssembliesLoaded (0ms)
			ExecutionOrderSort2 (0ms)
			AwakeInstancesAfterBackupRestoration (0ms)
Platform modules already initialized, skipping
Registering precompiled user dll's ...
Registered in 0.004794 seconds.
Begin MonoManager ReloadAssembly
Native extension for WindowsStandalone target not found
Native extension for OSXStandalone target not found
Native extension for WebGL target not found
Refreshing native plugins compatible for Editor in 0.74 ms, found 2 plugins.
Preloading 0 native plugins for Editor in 0.00 ms.
Mono: successfully reloaded assembly
- Completed reload, in  2.010 seconds
Domain Reload Profiling:
	ReloadAssembly (2012ms)
		BeginReloadAssembly (288ms)
			ExecutionOrderSort (0ms)
			DisableScriptedObjects (7ms)
			BackupInstance (0ms)
			ReleaseScriptingObjects (0ms)
			CreateAndSetChildDomain (37ms)
		EndReloadAssembly (1625ms)
			LoadAssemblies (211ms)
			RebuildTransferFunctionScriptingTraits (0ms)
			SetupTypeCache (540ms)
			ReleaseScriptCaches (1ms)
			RebuildScriptCaches (80ms)
			SetupLoadedEditorAssemblies (655ms)
				LogAssemblyErrors (0ms)
				InitializePlatformSupportModulesInManaged (10ms)
				SetLoadedEditorAssemblies (1ms)
				RefreshPlugins (1ms)
				BeforeProcessingInitializeOnLoad (142ms)
				ProcessInitializeOnLoadAttributes (491ms)
				ProcessInitializeOnLoadMethodAttributes (7ms)
				AfterProcessingInitializeOnLoad (3ms)
				EditorAssembliesLoaded (0ms)
			ExecutionOrderSort2 (0ms)
			AwakeInstancesAfterBackupRestoration (11ms)
Platform modules already initialized, skipping
========================================================================
Worker process is ready to serve import requests
Launched and connected shader compiler UnityShaderCompiler.exe after 0.16 seconds
Refreshing native plugins compatible for Editor in 0.70 ms, found 2 plugins.
Preloading 0 native plugins for Editor in 0.00 ms.
Unloading 1396 Unused Serialized files (Serialized files now loaded: 0)
System memory in use before: 67.4 MB.
System memory in use after: 67.5 MB.

Unloading 18 unused Assets to reduce memory usage. Loaded Objects now: 1831.
Total: 4.559100 ms (FindLiveObjects: 0.383400 ms CreateObjectMapping: 0.185800 ms MarkObjects: 3.892700 ms  DeleteObjects: 0.095400 ms)

AssetImportParameters requested are different than current active one (requested -> active):
  custom:framework-win-MediaFoundation: 216162199b28c13a410421893ffa2e32 -> 
  custom:video-decoder-ogg-theora: a1e56fd34408186e4bbccfd4996cb3dc -> 
  custom:container-muxer-webm: aa71ff27fc2769a1b78a27578f13a17b -> 
  custom:container-demuxer-webm: 4f35f7cbe854078d1ac9338744f61a02 -> 
  custom:container-demuxer-ogg: 62fdf1f143b41e24485cea50d1cbac27 -> 
  custom:video-encoder-webm-vp8: eb34c28f22e8b96e1ab97ce403110664 -> 
  custom:video-codec-MediaFoundation-h265: 746d11721c4dcdbdad8f713fa42b33f4 -> 
  custom:video-decoder-webm-vp8: 9c59270c3fd7afecdb556c50c9e8de78 -> 
  custom:audio-decoder-ogg-vorbis: bf7c407c2cedff20999df2af8eb42d56 -> 
  custom:audio-encoder-webm-vorbis: bf7c407c2cedff20999df2af8eb42d56 -> 
========================================================================
Received Import Request.
  path: Assets
  artifactKey: Guid(00000000000000001000000000000000) Importer(815301076,1909f56bfc062723c751e8b465ee728b)
Start importing Assets using Guid(00000000000000001000000000000000) Importer(815301076,1909f56bfc062723c751e8b465ee728b)  -> (artifact id: '42d402b061de3733987d63b9cc3b64de') in 0.012059 seconds 
  Import took 0.015914 seconds .

========================================================================
Received Import Request.
  Time since last request: 0.648845 seconds.
  path: Assets/Scripts
  artifactKey: Guid(7f5f42f254415f5428c62dbaf6527400) Importer(815301076,1909f56bfc062723c751e8b465ee728b)
Start importing Assets/Scripts using Guid(7f5f42f254415f5428c62dbaf6527400) Importer(815301076,1909f56bfc062723c751e8b465ee728b)  -> (artifact id: '028130b434e813507611577116ab3acd') in 0.009701 seconds 
  Import took 0.015487 seconds .

========================================================================
Received Import Request.
  Time since last request: 7.473398 seconds.
  path: Assets/Prefab
  artifactKey: Guid(0669c895ca376744dbdb817e685dc66e) Importer(815301076,1909f56bfc062723c751e8b465ee728b)
Start importing Assets/Prefab using Guid(0669c895ca376744dbdb817e685dc66e) Importer(815301076,1909f56bfc062723c751e8b465ee728b)  -> (artifact id: 'cdf0bb87fe17c3d4143bb21cd416fa32') in 0.011737 seconds 
  Import took 0.017218 seconds .

========================================================================
Received Import Request.
  Time since last request: 38.071915 seconds.
  path: Assets/Art
  artifactKey: Guid(4fe3a17bc9dd2c64db01c54838fe5883) Importer(815301076,1909f56bfc062723c751e8b465ee728b)
Start importing Assets/Art using Guid(4fe3a17bc9dd2c64db01c54838fe5883) Importer(815301076,1909f56bfc062723c751e8b465ee728b)  -> (artifact id: '6846364b0a1d178a9341f1363146d20b') in 0.013089 seconds 
  Import took 0.020381 seconds .

========================================================================
Received Import Request.
  Time since last request: 16.052796 seconds.
  path: Assets/SoundEffect
  artifactKey: Guid(60dcd1d1c71cba14996e080b4a3f8724) Importer(815301076,1909f56bfc062723c751e8b465ee728b)
Start importing Assets/SoundEffect using Guid(60dcd1d1c71cba14996e080b4a3f8724) Importer(815301076,1909f56bfc062723c751e8b465ee728b)  -> (artifact id: '6699075d1439331faed6378774f83be2') in 0.009517 seconds 
  Import took 0.015676 seconds .

AssetImportWorkerClient::OnTransportError - code=2 error=End of file
