Using pre-set license
Built from '2020.3/china_unity/release' branch; Version is '2020.3.12f1c1 (5887f62ce680) revision 5801974'; Using compiler version '192528614'; Build Type 'Release'
OS: 'Windows 10 Home China; OS build 19042.1110; Version 2009; 64bit' Language: 'zh' Physical Memory: 16291 MB
BatchMode: 1, IsHumanControllingUs: 0, StartBugReporterOnCrash: 0, Is64bit: 1, IsPro: 0

 COMMAND LINE ARGUMENTS:
D:\game_dev\Unity\Editor\2020.3.12f1c1\Editor\Unity.exe
-adb2
-batchMode
-noUpm
-name
AssetImportWorker0
-projectPath
D:/game_dev/Unity/Projects/iDtechFinalProj/iDtechFinalProj
-logFile
Logs/AssetImportWorker0.log
-srvPort
52606
Successfully changed project path to: D:/game_dev/Unity/Projects/iDtechFinalProj/iDtechFinalProj
D:/game_dev/Unity/Projects/iDtechFinalProj/iDtechFinalProj
Using Asset Import Pipeline V2.
Refreshing native plugins compatible for Editor in 105.16 ms, found 2 plugins.
Preloading 0 native plugins for Editor in 0.00 ms.
Initialize engine version: 2020.3.12f1c1 (5887f62ce680)
[Subsystems] Discovering subsystems at path D:/game_dev/Unity/Editor/2020.3.12f1c1/Editor/Data/Resources/UnitySubsystems
[Subsystems] Discovering subsystems at path D:/game_dev/Unity/Projects/iDtechFinalProj/iDtechFinalProj/Assets
GfxDevice: creating device client; threaded=0
Direct3D:
    Version:  Direct3D 11.0 [level 11.1]
    Renderer: NVIDIA GeForce RTX 2060 (ID=0x1f15)
    Vendor:   
    VRAM:     5980 MB
    Driver:   30.0.14.7168
Initialize mono
Mono path[0] = 'D:/game_dev/Unity/Editor/2020.3.12f1c1/Editor/Data/Managed'
Mono path[1] = 'D:/game_dev/Unity/Editor/2020.3.12f1c1/Editor/Data/MonoBleedingEdge/lib/mono/unityjit'
Mono config path = 'D:/game_dev/Unity/Editor/2020.3.12f1c1/Editor/Data/MonoBleedingEdge/etc'
Using monoOptions --debugger-agent=transport=dt_socket,embedding=1,server=y,suspend=n,address=127.0.0.1:56256
Begin MonoManager ReloadAssembly
Registering precompiled unity dll's ...
Register platform support module: D:/game_dev/Unity/Editor/2020.3.12f1c1/Editor/Data/PlaybackEngines/WebGLSupport/UnityEditor.WebGL.Extensions.dll
Register platform support module: D:/game_dev/Unity/Editor/2020.3.12f1c1/Editor/Data/PlaybackEngines/MacStandaloneSupport/UnityEditor.OSXStandalone.Extensions.dll
Register platform support module: D:/game_dev/Unity/Editor/2020.3.12f1c1/Editor/Data/PlaybackEngines/WindowsStandaloneSupport/UnityEditor.WindowsStandalone.Extensions.dll
Registered in 0.009156 seconds.
Native extension for WindowsStandalone target not found
Native extension for OSXStandalone target not found
Native extension for WebGL target not found
Refreshing native plugins compatible for Editor in 69.47 ms, found 2 plugins.
Preloading 0 native plugins for Editor in 0.00 ms.
Mono: successfully reloaded assembly
- Completed reload, in  3.851 seconds
Platform modules already initialized, skipping
Registering precompiled user dll's ...
Registered in 0.008464 seconds.
Begin MonoManager ReloadAssembly
Native extension for WindowsStandalone target not found
Native extension for OSXStandalone target not found
Native extension for WebGL target not found
Refreshing native plugins compatible for Editor in 4.85 ms, found 2 plugins.
Preloading 0 native plugins for Editor in 0.00 ms.
Mono: successfully reloaded assembly
- Completed reload, in  5.009 seconds
Platform modules already initialized, skipping
========================================================================
Worker process is ready to serve import requests
Launched and connected shader compiler UnityShaderCompiler.exe after 0.67 seconds
Refreshing native plugins compatible for Editor in 0.64 ms, found 2 plugins.
Preloading 0 native plugins for Editor in 0.00 ms.
Unloading 1399 Unused Serialized files (Serialized files now loaded: 0)
System memory in use before: 67.7 MB.
System memory in use after: 67.8 MB.

Unloading 18 unused Assets to reduce memory usage. Loaded Objects now: 1832.
Total: 3.606500 ms (FindLiveObjects: 0.360800 ms CreateObjectMapping: 0.140100 ms MarkObjects: 3.035000 ms  DeleteObjects: 0.069300 ms)

AssetImportParameters requested are different than current active one (requested -> active):
  custom:framework-win-MediaFoundation: 216162199b28c13a410421893ffa2e32 -> 
  custom:video-decoder-ogg-theora: a1e56fd34408186e4bbccfd4996cb3dc -> 
  custom:container-muxer-webm: aa71ff27fc2769a1b78a27578f13a17b -> 
  custom:container-demuxer-webm: 4f35f7cbe854078d1ac9338744f61a02 -> 
  custom:container-demuxer-ogg: 62fdf1f143b41e24485cea50d1cbac27 -> 
  custom:video-encoder-webm-vp8: eb34c28f22e8b96e1ab97ce403110664 -> 
  custom:video-codec-MediaFoundation-h265: 746d11721c4dcdbdad8f713fa42b33f4 -> 
  custom:video-decoder-webm-vp8: 9c59270c3fd7afecdb556c50c9e8de78 -> 
  custom:audio-decoder-ogg-vorbis: bf7c407c2cedff20999df2af8eb42d56 -> 
  custom:audio-encoder-webm-vorbis: bf7c407c2cedff20999df2af8eb42d56 -> 
========================================================================
Received Import Request.
  path: Assets/Scenes/Scripts/Player_movement.cs
  artifactKey: Guid(fb6f2177643c5e249b3805533c251036) Importer(815301076,1909f56bfc062723c751e8b465ee728b)
Start importing Assets/Scenes/Scripts/Player_movement.cs using Guid(fb6f2177643c5e249b3805533c251036) Importer(815301076,1909f56bfc062723c751e8b465ee728b)  -> (artifact id: '4ff2d0f56bba64604943d9cb6ca2456b') in 0.304253 seconds 
  Import took 0.325175 seconds .

========================================================================
Received Prepare
Registering precompiled user dll's ...
Registered in 0.224201 seconds.
Begin MonoManager ReloadAssembly
Native extension for WindowsStandalone target not found
Native extension for OSXStandalone target not found
Native extension for WebGL target not found
Refreshing native plugins compatible for Editor in 0.97 ms, found 2 plugins.
Preloading 0 native plugins for Editor in 0.00 ms.
Mono: successfully reloaded assembly
- Completed reload, in  1.964 seconds
Platform modules already initialized, skipping
Refreshing native plugins compatible for Editor in 0.88 ms, found 2 plugins.
Preloading 0 native plugins for Editor in 0.00 ms.
Unloading 1393 Unused Serialized files (Serialized files now loaded: 0)
System memory in use before: 67.6 MB.
System memory in use after: 67.7 MB.

Unloading 13 unused Assets to reduce memory usage. Loaded Objects now: 1834.
Total: 4.738600 ms (FindLiveObjects: 0.342400 ms CreateObjectMapping: 0.132400 ms MarkObjects: 4.228000 ms  DeleteObjects: 0.034100 ms)

AssetImportParameters requested are different than current active one (requested -> active):
  custom:framework-win-MediaFoundation: 216162199b28c13a410421893ffa2e32 -> 
  custom:video-decoder-ogg-theora: a1e56fd34408186e4bbccfd4996cb3dc -> 
  custom:container-muxer-webm: aa71ff27fc2769a1b78a27578f13a17b -> 
  custom:container-demuxer-webm: 4f35f7cbe854078d1ac9338744f61a02 -> 
  custom:container-demuxer-ogg: 62fdf1f143b41e24485cea50d1cbac27 -> 
  custom:video-encoder-webm-vp8: eb34c28f22e8b96e1ab97ce403110664 -> 
  custom:video-codec-MediaFoundation-h265: 746d11721c4dcdbdad8f713fa42b33f4 -> 
  custom:video-decoder-webm-vp8: 9c59270c3fd7afecdb556c50c9e8de78 -> 
  custom:audio-decoder-ogg-vorbis: bf7c407c2cedff20999df2af8eb42d56 -> 
  custom:audio-encoder-webm-vorbis: bf7c407c2cedff20999df2af8eb42d56 -> 
========================================================================
Received Import Request.
  Time since last request: 515.391292 seconds.
  path: Assets/Scenes/zachary folder/Materials/121777083-dirty-wall-background-with-white-tiles.mat
  artifactKey: Guid(9b6afa2bc1c7343c4819be9749bfdf88) Importer(815301076,1909f56bfc062723c751e8b465ee728b)
Start importing Assets/Scenes/zachary folder/Materials/121777083-dirty-wall-background-with-white-tiles.mat using Guid(9b6afa2bc1c7343c4819be9749bfdf88) Importer(815301076,1909f56bfc062723c751e8b465ee728b)  -> (artifact id: '0603e685a2db147dce9e587fa9f089b5') in 0.235586 seconds 
  Import took 0.240329 seconds .

========================================================================
Received Import Request.
  Time since last request: 0.000227 seconds.
  path: Assets/Scenes/zachary folder/Materials/121777083-dirty-wall-background-with-white-tiles 1.mat
  artifactKey: Guid(3e5536fe56c4b495799471310723246d) Importer(815301076,1909f56bfc062723c751e8b465ee728b)
Start importing Assets/Scenes/zachary folder/Materials/121777083-dirty-wall-background-with-white-tiles 1.mat using Guid(3e5536fe56c4b495799471310723246d) Importer(815301076,1909f56bfc062723c751e8b465ee728b)  -> (artifact id: '4069112b0c4d770097c188ce95ec4be5') in 0.031951 seconds 
  Import took 0.037178 seconds .

========================================================================
Received Import Request.
  Time since last request: 0.000214 seconds.
  path: Assets/Scenes/zachary folder/Materials/images.mat
  artifactKey: Guid(9523297f645d74e42b60dd700413f1c5) Importer(815301076,1909f56bfc062723c751e8b465ee728b)
Start importing Assets/Scenes/zachary folder/Materials/images.mat using Guid(9523297f645d74e42b60dd700413f1c5) Importer(815301076,1909f56bfc062723c751e8b465ee728b)  -> (artifact id: 'b10f99aee5d5b386461195bcda75a27f') in 0.032319 seconds 
  Import took 0.037215 seconds .

========================================================================
Received Import Request.
  Time since last request: 0.000246 seconds.
  path: Assets/Scenes/zachary folder/Materials/ac1379cc-16fa-407d-aa92-0b2b74a4e92b.mat
  artifactKey: Guid(a413c07cde32c4879a7b8b825cb5b204) Importer(815301076,1909f56bfc062723c751e8b465ee728b)
Start importing Assets/Scenes/zachary folder/Materials/ac1379cc-16fa-407d-aa92-0b2b74a4e92b.mat using Guid(a413c07cde32c4879a7b8b825cb5b204) Importer(815301076,1909f56bfc062723c751e8b465ee728b)  -> (artifact id: '55101e00b5e4db502255bb49ab80b608') in 0.023077 seconds 
  Import took 0.029075 seconds .

========================================================================
Received Import Request.
  Time since last request: 0.000229 seconds.
  path: Assets/Scenes/zachary folder/Materials/TX_Furn_Chair03_s1.mat
  artifactKey: Guid(66a279ff61816460a84594aa2c5b15f9) Importer(815301076,1909f56bfc062723c751e8b465ee728b)
Start importing Assets/Scenes/zachary folder/Materials/TX_Furn_Chair03_s1.mat using Guid(66a279ff61816460a84594aa2c5b15f9) Importer(815301076,1909f56bfc062723c751e8b465ee728b)  -> (artifact id: '8a3d3ae101e31c11baf86d587a8cd195') in 0.021692 seconds 
  Import took 0.026410 seconds .

========================================================================
Received Import Request.
  Time since last request: 0.000313 seconds.
  path: Assets/Scenes/zachary folder/Materials/ABY_LabWorktable_Diffuse.mat
  artifactKey: Guid(852190092ef504f3ca473984b6ee616f) Importer(815301076,1909f56bfc062723c751e8b465ee728b)
Start importing Assets/Scenes/zachary folder/Materials/ABY_LabWorktable_Diffuse.mat using Guid(852190092ef504f3ca473984b6ee616f) Importer(815301076,1909f56bfc062723c751e8b465ee728b)  -> (artifact id: '73f662c88cdda1175604413ed60d4dbb') in 0.020139 seconds 
  Import took 0.024949 seconds .

========================================================================
Received Import Request.
  Time since last request: 0.000215 seconds.
  path: Assets/Scenes/zachary folder/dp1hle-1fde64bc-9b92-4a28-9411-58fecdfe06ad.jpg
  artifactKey: Guid(567dcfe67a68a478cbae2ffafb3e3744) Importer(815301076,1909f56bfc062723c751e8b465ee728b)
Start importing Assets/Scenes/zachary folder/dp1hle-1fde64bc-9b92-4a28-9411-58fecdfe06ad.jpg using Guid(567dcfe67a68a478cbae2ffafb3e3744) Importer(815301076,1909f56bfc062723c751e8b465ee728b)  -> (artifact id: '12363d7c33113e4a281a3fe2d669ddb0') in 0.152985 seconds 
  Import took 0.158272 seconds .

========================================================================
Received Import Request.
  Time since last request: 0.003407 seconds.
  path: Assets/Scenes/zachary folder/dp1hle-1fde64bc-9b92-4a28-9411-58fecdfe06ad.jpg
  artifactKey: Guid(567dcfe67a68a478cbae2ffafb3e3744) Importer(815301076,1909f56bfc062723c751e8b465ee728b)
Start importing Assets/Scenes/zachary folder/dp1hle-1fde64bc-9b92-4a28-9411-58fecdfe06ad.jpg using Guid(567dcfe67a68a478cbae2ffafb3e3744) Importer(815301076,1909f56bfc062723c751e8b465ee728b)  -> (artifact id: '12363d7c33113e4a281a3fe2d669ddb0') in 0.017698 seconds 
  Import took 0.022463 seconds .

========================================================================
Received Import Request.
  Time since last request: 63.627553 seconds.
  path: Assets/Scenes/SampleScene.unity
  artifactKey: Guid(9fc0d4010bbf28b4594072e72b8655ab) Importer(815301076,1909f56bfc062723c751e8b465ee728b)
Start importing Assets/Scenes/SampleScene.unity using Guid(9fc0d4010bbf28b4594072e72b8655ab) Importer(815301076,1909f56bfc062723c751e8b465ee728b)  -> (artifact id: '4f9a2dba254ed5b211bc60dc05cfb1f0') in 0.012590 seconds 
  Import took 0.017091 seconds .

AssetImportWorkerClient::OnTransportError - code=2 error=End of file
